Flow report for Java
Fri Oct 26 02:13:18 2018
Quartus II 32-bit Version 13.0.1 Build 232 06/12/2013 Service Pack 1 SJ Web Edition


---------------------
; Table of Contents ;
---------------------
  1. Legal Notice
  2. Flow Summary
  3. Flow Settings
  4. Flow Non-Default Global Settings
  5. Flow Elapsed Time
  6. Flow OS Summary
  7. Flow Log
  8. Flow Messages
  9. Flow Suppressed Messages



----------------
; Legal Notice ;
----------------
Copyright (C) 1991-2013 Altera Corporation
Your use of Altera Corporation's design tools, logic functions 
and other software and tools, and its AMPP partner logic 
functions, and any output files from any of the foregoing 
(including device programming or simulation files), and any 
associated documentation or information are expressly subject 
to the terms and conditions of the Altera Program License 
Subscription Agreement, Altera MegaCore Function License 
Agreement, or other applicable license agreement, including, 
without limitation, that your use is for the sole purpose of 
programming logic devices manufactured by Altera and sold by 
Altera or its authorized distributors.  Please refer to the 
applicable agreement for further details.



+--------------------------------------------------------------------------------------+
; Flow Summary                                                                         ;
+------------------------------------+-------------------------------------------------+
; Flow Status                        ; Successful - Fri Oct 26 02:13:18 2018           ;
; Quartus II 32-bit Version          ; 13.0.1 Build 232 06/12/2013 SP 1 SJ Web Edition ;
; Revision Name                      ; Java                                            ;
; Top-level Entity Name              ; Main                                            ;
; Family                             ; Cyclone III                                     ;
; Device                             ; EP3C25F324C6                                    ;
; Timing Models                      ; Final                                           ;
; Total logic elements               ; 161 / 24,624 ( < 1 % )                          ;
;     Total combinational functions  ; 152 / 24,624 ( < 1 % )                          ;
;     Dedicated logic registers      ; 56 / 24,624 ( < 1 % )                           ;
; Total registers                    ; 56                                              ;
; Total pins                         ; 77 / 216 ( 36 % )                               ;
; Total virtual pins                 ; 0                                               ;
; Total memory bits                  ; 768 / 608,256 ( < 1 % )                         ;
; Embedded Multiplier 9-bit elements ; 1 / 132 ( < 1 % )                               ;
; Total PLLs                         ; 0 / 4 ( 0 % )                                   ;
+------------------------------------+-------------------------------------------------+


+-----------------------------------------+
; Flow Settings                           ;
+-------------------+---------------------+
; Option            ; Setting             ;
+-------------------+---------------------+
; Start date & time ; 10/26/2018 02:12:28 ;
; Main task         ; Compilation         ;
; Revision Name     ; Java                ;
+-------------------+---------------------+


+----------------------------------------------------------------------------------------------------------------+
; Flow Non-Default Global Settings                                                                               ;
+-------------------------------------+---------------------------+---------------+-------------+----------------+
; Assignment Name                     ; Value                     ; Default Value ; Entity Name ; Section Id     ;
+-------------------------------------+---------------------------+---------------+-------------+----------------+
; COMPILER_SIGNATURE_ID               ; 0.154053074803550         ; --            ; --          ; --             ;
; EDA_GENERATE_FUNCTIONAL_NETLIST     ; On                        ; --            ; --          ; eda_simulation ;
; EDA_OUTPUT_DATA_FORMAT              ; Verilog Hdl               ; --            ; --          ; eda_simulation ;
; EDA_SIMULATION_TOOL                 ; ModelSim-Altera (Verilog) ; <None>        ; --          ; --             ;
; EDA_TIME_SCALE                      ; 1 ps                      ; --            ; --          ; eda_simulation ;
; MAX_CORE_JUNCTION_TEMP              ; 85                        ; --            ; --          ; --             ;
; MIN_CORE_JUNCTION_TEMP              ; 0                         ; --            ; --          ; --             ;
; NOMINAL_CORE_SUPPLY_VOLTAGE         ; 1.2V                      ; --            ; --          ; --             ;
; PARTITION_COLOR                     ; 16764057                  ; --            ; Main        ; Top            ;
; PARTITION_COLOR                     ; 16764057                  ; --            ; STACK       ; Top            ;
; PARTITION_FITTER_PRESERVATION_LEVEL ; PLACEMENT_AND_ROUTING     ; --            ; Main        ; Top            ;
; PARTITION_FITTER_PRESERVATION_LEVEL ; PLACEMENT_AND_ROUTING     ; --            ; STACK       ; Top            ;
; PARTITION_NETLIST_TYPE              ; SOURCE                    ; --            ; Main        ; Top            ;
; PARTITION_NETLIST_TYPE              ; SOURCE                    ; --            ; STACK       ; Top            ;
; PROJECT_OUTPUT_DIRECTORY            ; output_files              ; --            ; --          ; --             ;
; TOP_LEVEL_ENTITY                    ; Main                      ; Java          ; --          ; --             ;
+-------------------------------------+---------------------------+---------------+-------------+----------------+


+-------------------------------------------------------------------------------------------------------------------------------+
; Flow Elapsed Time                                                                                                             ;
+---------------------------+--------------+-------------------------+---------------------+------------------------------------+
; Module Name               ; Elapsed Time ; Average Processors Used ; Peak Virtual Memory ; Total CPU Time (on all processors) ;
+---------------------------+--------------+-------------------------+---------------------+------------------------------------+
; Analysis & Synthesis      ; 00:00:05     ; 1.0                     ; 372 MB              ; 00:00:04                           ;
; Fitter                    ; 00:00:21     ; 1.0                     ; 518 MB              ; 00:00:14                           ;
; Assembler                 ; 00:00:03     ; 1.0                     ; 338 MB              ; 00:00:02                           ;
; TimeQuest Timing Analyzer ; 00:00:04     ; 1.0                     ; 360 MB              ; 00:00:03                           ;
; EDA Netlist Writer        ; 00:00:03     ; 1.0                     ; 309 MB              ; 00:00:01                           ;
; Total                     ; 00:00:36     ; --                      ; --                  ; 00:00:24                           ;
+---------------------------+--------------+-------------------------+---------------------+------------------------------------+


+-----------------------------------------------------------------------------------------------+
; Flow OS Summary                                                                               ;
+---------------------------+------------------+---------------+---------------+----------------+
; Module Name               ; Machine Hostname ; OS Name       ; OS Version    ; Processor type ;
+---------------------------+------------------+---------------+---------------+----------------+
; Analysis & Synthesis      ; deathstar        ; elementary OS ; elementary OS ; x86_64         ;
; Fitter                    ; deathstar        ; elementary OS ; elementary OS ; x86_64         ;
; Assembler                 ; deathstar        ; elementary OS ; elementary OS ; x86_64         ;
; TimeQuest Timing Analyzer ; deathstar        ; elementary OS ; elementary OS ; x86_64         ;
; EDA Netlist Writer        ; deathstar        ; elementary OS ; elementary OS ; x86_64         ;
+---------------------------+------------------+---------------+---------------+----------------+


------------
; Flow Log ;
------------
quartus_map --read_settings_files=on --write_settings_files=off Java -c Java
quartus_fit --read_settings_files=off --write_settings_files=off Java -c Java
quartus_asm --read_settings_files=off --write_settings_files=off Java -c Java
quartus_sta Java -c Java
quartus_eda --read_settings_files=off --write_settings_files=off Java -c Java



